<?xml version="1.0" encoding="UTF-8"?>
<testng-results skipped="0" failed="0" ignored="0" total="1" passed="1">
  <reporter-output>
  </reporter-output>
  <suite name="Default suite" duration-ms="1926" started-at="2018-09-08T19:22:39Z" finished-at="2018-09-08T19:22:41Z">
    <groups>
    </groups>
    <test name="Default test" duration-ms="1926" started-at="2018-09-08T19:22:39Z" finished-at="2018-09-08T19:22:41Z">
      <class name="com.api.restful.tests.GetAPITest">
        <test-method status="PASS" signature="setUP()[pri:0, instance:com.api.restful.tests.GetAPITest@5702b3b1]" name="setUP" is-config="true" duration-ms="10" started-at="2018-09-08T19:22:39Z" finished-at="2018-09-08T19:22:39Z">
          <reporter-output>
          </reporter-output>
        </test-method> <!-- setUP -->
        <test-method status="PASS" signature="getTest()[pri:0, instance:com.api.restful.tests.GetAPITest@5702b3b1]" name="getTest" duration-ms="1890" started-at="2018-09-08T19:22:39Z" finished-at="2018-09-08T19:22:41Z">
          <reporter-output>
          </reporter-output>
        </test-method> <!-- getTest -->
      </class> <!-- com.api.restful.tests.GetAPITest -->
    </test> <!-- Default test -->
  </suite> <!-- Default suite -->
</testng-results>
